Error processing user 155 for Invoice Ninja sync: name 'log_message' is not defined
Error processing user 156 for Invoice Ninja sync: name 'log_message' is not defined
Error processing user 157 for Invoice Ninja sync: name 'log_message' is not defined
Error processing user 158 for Invoice Ninja sync: name 'log_message' is not defined
Error processing user 159 for Invoice Ninja sync: name 'log_message' is not defined
Error processing user 160 for Invoice Ninja sync: name 'log_message' is not defined
Error processing user 161 for Invoice Ninja sync: name 'log_message' is not defined
Error processing user 162 for Invoice Ninja sync: name 'log_message' is not defined
Updated sync status for user 163: pending (attempt #1)
INVOICE_NINJA_WEBHOOK_URL not configured. Skipping webhook.
Updated sync status for user 163: failed (attempt #2)
Updated sync status for user 164: pending (attempt #1)
INVOICE_NINJA_WEBHOOK_URL not configured. Skipping webhook.
Updated sync status for user 164: failed (attempt #2)
Updated sync status for user 165: pending (attempt #1)
INVOICE_NINJA_WEBHOOK_URL not configured. Skipping webhook.
Updated sync status for user 165: failed (attempt #2)
Updated sync status for user 166: pending (attempt #1)
INVOICE_NINJA_WEBHOOK_URL not configured. Skipping webhook.
Updated sync status for user 166: failed (attempt #2)
Updated sync status for user 167: pending (attempt #1)
INVOICE_NINJA_WEBHOOK_URL not configured. Skipping webhook.
Updated sync status for user 167: failed (attempt #2)
Updated sync status for user 168: pending (attempt #1)
INVOICE_NINJA_WEBHOOK_URL not configured. Skipping webhook.
Updated sync status for user 168: failed (attempt #2)
Updated sync status for user 169: pending (attempt #1)
INVOICE_NINJA_WEBHOOK_URL not configured. Skipping webhook.
Updated sync status for user 169: failed (attempt #2)
Updated sync status for user 169: pending (attempt #3)
INVOICE_NINJA_WEBHOOK_URL not configured. Skipping webhook.
Updated sync status for user 169: failed (attempt #4)
User 169 has reached max sync attempts (3). Skipping.
User 169 has reached max sync attempts (3). Skipping.
User 169 has reached max sync attempts (3). Skipping.
User 169 has reached max sync attempts (3). Skipping.
User 169 has reached max sync attempts (3). Skipping.
User 169 has reached max sync attempts (3). Skipping.
User 169 has reached max sync attempts (3). Skipping.
User 169 has reached max sync attempts (3). Skipping.
User 169 has reached max sync attempts (3). Skipping.
User 169 has reached max sync attempts (3). Skipping.
User 169 has reached max sync attempts (3). Skipping.
User 169 has reached max sync attempts (3). Skipping.
User 169 has reached max sync attempts (3). Skipping.
User 169 has reached max sync attempts (3). Skipping.
User 169 has reached max sync attempts (3). Skipping.
User 169 has reached max sync attempts (3). Skipping.
User 169 has reached max sync attempts (3). Skipping.
User 169 has reached max sync attempts (3). Skipping.
User 169 has reached max sync attempts (3). Skipping.
User 169 has reached max sync attempts (3). Skipping.
User 169 has reached max sync attempts (3). Skipping.
User 169 has reached max sync attempts (3). Skipping.
User 169 has reached max sync attempts (3). Skipping.
User 169 has reached max sync attempts (3). Skipping.
User 169 has reached max sync attempts (3). Skipping.
User 169 has reached max sync attempts (3). Skipping.
User 169 has reached max sync attempts (3). Skipping.
User 169 has reached max sync attempts (3). Skipping.
User 169 has reached max sync attempts (3). Skipping.
User 169 has reached max sync attempts (3). Skipping.
User 169 has reached max sync attempts (3). Skipping.
User 169 has reached max sync attempts (3). Skipping.
User 169 has reached max sync attempts (3). Skipping.
User 169 has reached max sync attempts (3). Skipping.
User 169 has reached max sync attempts (3). Skipping.
User 169 has reached max sync attempts (3). Skipping.
User 169 has reached max sync attempts (3). Skipping.
User 169 has reached max sync attempts (3). Skipping.
User 169 has reached max sync attempts (3). Skipping.
User 169 has reached max sync attempts (3). Skipping.
User 169 has reached max sync attempts (3). Skipping.
User 169 has reached max sync attempts (3). Skipping.
User 169 has reached max sync attempts (3). Skipping.
User 169 has reached max sync attempts (3). Skipping.
User 169 has reached max sync attempts (3). Skipping.
User 169 has reached max sync attempts (3). Skipping.
User 169 has reached max sync attempts (3). Skipping.
User 169 has reached max sync attempts (3). Skipping.
User 169 has reached max sync attempts (3). Skipping.
User 169 has reached max sync attempts (3). Skipping.
User 169 has reached max sync attempts (3). Skipping.
User 169 has reached max sync attempts (3). Skipping.
User 169 has reached max sync attempts (3). Skipping.
User 169 has reached max sync attempts (3). Skipping.
User 169 has reached max sync attempts (3). Skipping.
User 169 has reached max sync attempts (3). Skipping.
User 169 has reached max sync attempts (3). Skipping.
User 169 has reached max sync attempts (3). Skipping.
User 169 has reached max sync attempts (3). Skipping.
User 169 has reached max sync attempts (3). Skipping.
User 169 has reached max sync attempts (3). Skipping.
User 169 has reached max sync attempts (3). Skipping.
User 169 has reached max sync attempts (3). Skipping.
User 169 has reached max sync attempts (3). Skipping.
User 169 has reached max sync attempts (3). Skipping.
User 169 has reached max sync attempts (3). Skipping.
User 169 has reached max sync attempts (3). Skipping.
User 169 has reached max sync attempts (3). Skipping.
User 169 has reached max sync attempts (3). Skipping.
User 169 has reached max sync attempts (3). Skipping.
User 169 has reached max sync attempts (3). Skipping.
User 169 has reached max sync attempts (3). Skipping.
User 169 has reached max sync attempts (3). Skipping.
User 169 has reached max sync attempts (3). Skipping.
User 169 has reached max sync attempts (3). Skipping.
User 169 has reached max sync attempts (3). Skipping.
User 169 has reached max sync attempts (3). Skipping.
User 169 has reached max sync attempts (3). Skipping.
User 169 has reached max sync attempts (3). Skipping.
User 169 has reached max sync attempts (3). Skipping.
User 169 has reached max sync attempts (3). Skipping.
User 169 has reached max sync attempts (3). Skipping.
User 169 has reached max sync attempts (3). Skipping.
User 169 has reached max sync attempts (3). Skipping.
User 169 has reached max sync attempts (3). Skipping.
User 169 has reached max sync attempts (3). Skipping.
User 169 has reached max sync attempts (3). Skipping.
User 169 has reached max sync attempts (3). Skipping.
User 169 has reached max sync attempts (3). Skipping.
User 169 has reached max sync attempts (3). Skipping.
User 169 has reached max sync attempts (3). Skipping.
User 169 has reached max sync attempts (3). Skipping.
User 169 has reached max sync attempts (3). Skipping.
User 169 has reached max sync attempts (3). Skipping.
User 169 has reached max sync attempts (3). Skipping.
User 169 has reached max sync attempts (3). Skipping.
User 169 has reached max sync attempts (3). Skipping.
User 169 has reached max sync attempts (3). Skipping.
User 169 has reached max sync attempts (3). Skipping.
User 169 has reached max sync attempts (3). Skipping.
User 169 has reached max sync attempts (3). Skipping.
User 169 has reached max sync attempts (3). Skipping.
User 169 has reached max sync attempts (3). Skipping.
User 169 has reached max sync attempts (3). Skipping.
User 169 has reached max sync attempts (3). Skipping.
User 169 has reached max sync attempts (3). Skipping.
User 169 has reached max sync attempts (3). Skipping.
User 169 has reached max sync attempts (3). Skipping.
User 169 has reached max sync attempts (3). Skipping.
User 169 has reached max sync attempts (3). Skipping.
User 169 has reached max sync attempts (3). Skipping.
User 169 has reached max sync attempts (3). Skipping.
User 169 has reached max sync attempts (3). Skipping.
User 169 has reached max sync attempts (3). Skipping.
User 169 has reached max sync attempts (3). Skipping.
User 169 has reached max sync attempts (3). Skipping.
User 169 has reached max sync attempts (3). Skipping.
User 169 has reached max sync attempts (3). Skipping.
User 169 has reached max sync attempts (3). Skipping.
User 169 has reached max sync attempts (3). Skipping.
User 169 has reached max sync attempts (3). Skipping.
User 169 has reached max sync attempts (3). Skipping.
User 169 has reached max sync attempts (3). Skipping.
User 169 has reached max sync attempts (3). Skipping.
User 169 has reached max sync attempts (3). Skipping.
User 169 has reached max sync attempts (3). Skipping.
User 169 has reached max sync attempts (3). Skipping.
User 169 has reached max sync attempts (3). Skipping.
User 169 has reached max sync attempts (3). Skipping.
User 169 has reached max sync attempts (3). Skipping.
User 169 has reached max sync attempts (3). Skipping.
User 169 has reached max sync attempts (3). Skipping.
User 169 has reached max sync attempts (3). Skipping.
User 169 has reached max sync attempts (3). Skipping.
User 169 has reached max sync attempts (3). Skipping.
User 169 has reached max sync attempts (3). Skipping.
User 169 has reached max sync attempts (3). Skipping.
User 169 has reached max sync attempts (3). Skipping.
User 169 has reached max sync attempts (3). Skipping.
User 169 has reached max sync attempts (3). Skipping.
User 169 has reached max sync attempts (3). Skipping.
User 169 has reached max sync attempts (3). Skipping.
User 169 has reached max sync attempts (3). Skipping.
User 169 has reached max sync attempts (3). Skipping.
User 169 has reached max sync attempts (3). Skipping.
User 169 has reached max sync attempts (3). Skipping.
User 169 has reached max sync attempts (3). Skipping.
User 169 has reached max sync attempts (3). Skipping.
User 169 has reached max sync attempts (3). Skipping.
User 169 has reached max sync attempts (3). Skipping.
User 169 has reached max sync attempts (3). Skipping.
User 169 has reached max sync attempts (3). Skipping.
User 169 has reached max sync attempts (3). Skipping.
User 169 has reached max sync attempts (3). Skipping.
User 169 has reached max sync attempts (3). Skipping.
User 169 has reached max sync attempts (3). Skipping.
User 169 has reached max sync attempts (3). Skipping.
User 169 has reached max sync attempts (3). Skipping.
User 169 has reached max sync attempts (3). Skipping.
User 169 has reached max sync attempts (3). Skipping.
User 169 has reached max sync attempts (3). Skipping.
User 169 has reached max sync attempts (3). Skipping.
User 169 has reached max sync attempts (3). Skipping.
User 169 has reached max sync attempts (3). Skipping.
User 169 has reached max sync attempts (3). Skipping.
User 169 has reached max sync attempts (3). Skipping.
User 169 has reached max sync attempts (3). Skipping.
User 169 has reached max sync attempts (3). Skipping.
User 169 has reached max sync attempts (3). Skipping.
User 169 has reached max sync attempts (3). Skipping.
User 169 has reached max sync attempts (3). Skipping.
User 169 has reached max sync attempts (3). Skipping.
User 169 has reached max sync attempts (3). Skipping.
User 169 has reached max sync attempts (3). Skipping.
User 169 has reached max sync attempts (3). Skipping.
User 169 has reached max sync attempts (3). Skipping.
User 169 has reached max sync attempts (3). Skipping.
User 169 has reached max sync attempts (3). Skipping.
User 169 has reached max sync attempts (3). Skipping.
Updated sync status for user 170: pending (attempt #1)
INVOICE_NINJA_WEBHOOK_URL not configured. Skipping webhook.
Updated sync status for user 170: failed (attempt #2)
Updated sync status for user 170: pending (attempt #3)
INVOICE_NINJA_WEBHOOK_URL not configured. Skipping webhook.
Updated sync status for user 170: failed (attempt #4)
User 170 has reached max sync attempts (3). Skipping.
User 170 has reached max sync attempts (3). Skipping.
User 170 has reached max sync attempts (3). Skipping.
User 170 has reached max sync attempts (3). Skipping.
User 170 has reached max sync attempts (3). Skipping.
User 170 has reached max sync attempts (3). Skipping.
User 170 has reached max sync attempts (3). Skipping.
User 170 has reached max sync attempts (3). Skipping.
User 170 has reached max sync attempts (3). Skipping.
User 170 has reached max sync attempts (3). Skipping.
User 170 has reached max sync attempts (3). Skipping.
User 170 has reached max sync attempts (3). Skipping.
User 170 has reached max sync attempts (3). Skipping.
User 170 has reached max sync attempts (3). Skipping.
User 170 has reached max sync attempts (3). Skipping.
User 170 has reached max sync attempts (3). Skipping.
User 170 has reached max sync attempts (3). Skipping.
User 170 has reached max sync attempts (3). Skipping.
User 170 has reached max sync attempts (3). Skipping.
User 170 has reached max sync attempts (3). Skipping.
User 170 has reached max sync attempts (3). Skipping.
User 170 has reached max sync attempts (3). Skipping.
User 170 has reached max sync attempts (3). Skipping.
User 170 has reached max sync attempts (3). Skipping.
User 170 has reached max sync attempts (3). Skipping.
User 170 has reached max sync attempts (3). Skipping.
User 170 has reached max sync attempts (3). Skipping.
User 170 has reached max sync attempts (3). Skipping.
User 170 has reached max sync attempts (3). Skipping.
User 170 has reached max sync attempts (3). Skipping.
User 170 has reached max sync attempts (3). Skipping.
User 170 has reached max sync attempts (3). Skipping.
User 170 has reached max sync attempts (3). Skipping.
User 170 has reached max sync attempts (3). Skipping.
User 170 has reached max sync attempts (3). Skipping.
User 170 has reached max sync attempts (3). Skipping.
User 170 has reached max sync attempts (3). Skipping.
User 170 has reached max sync attempts (3). Skipping.
User 170 has reached max sync attempts (3). Skipping.
User 170 has reached max sync attempts (3). Skipping.
User 170 has reached max sync attempts (3). Skipping.
User 170 has reached max sync attempts (3). Skipping.
User 170 has reached max sync attempts (3). Skipping.
User 170 has reached max sync attempts (3). Skipping.
User 170 has reached max sync attempts (3). Skipping.
User 170 has reached max sync attempts (3). Skipping.
User 170 has reached max sync attempts (3). Skipping.
User 170 has reached max sync attempts (3). Skipping.
User 170 has reached max sync attempts (3). Skipping.
User 170 has reached max sync attempts (3). Skipping.
User 170 has reached max sync attempts (3). Skipping.
User 170 has reached max sync attempts (3). Skipping.
User 170 has reached max sync attempts (3). Skipping.
User 170 has reached max sync attempts (3). Skipping.
User 170 has reached max sync attempts (3). Skipping.
User 170 has reached max sync attempts (3). Skipping.
User 170 has reached max sync attempts (3). Skipping.
User 170 has reached max sync attempts (3). Skipping.
User 170 has reached max sync attempts (3). Skipping.
User 170 has reached max sync attempts (3). Skipping.
User 170 has reached max sync attempts (3). Skipping.
User 170 has reached max sync attempts (3). Skipping.
User 170 has reached max sync attempts (3). Skipping.
User 170 has reached max sync attempts (3). Skipping.
User 170 has reached max sync attempts (3). Skipping.
User 170 has reached max sync attempts (3). Skipping.
User 170 has reached max sync attempts (3). Skipping.
User 170 has reached max sync attempts (3). Skipping.
User 170 has reached max sync attempts (3). Skipping.
User 170 has reached max sync attempts (3). Skipping.
User 170 has reached max sync attempts (3). Skipping.
User 170 has reached max sync attempts (3). Skipping.
User 170 has reached max sync attempts (3). Skipping.
User 170 has reached max sync attempts (3). Skipping.
User 170 has reached max sync attempts (3). Skipping.
User 170 has reached max sync attempts (3). Skipping.
User 170 has reached max sync attempts (3). Skipping.
User 170 has reached max sync attempts (3). Skipping.
User 170 has reached max sync attempts (3). Skipping.
User 170 has reached max sync attempts (3). Skipping.
User 170 has reached max sync attempts (3). Skipping.
User 170 has reached max sync attempts (3). Skipping.
User 170 has reached max sync attempts (3). Skipping.
User 170 has reached max sync attempts (3). Skipping.
User 170 has reached max sync attempts (3). Skipping.
User 170 has reached max sync attempts (3). Skipping.
User 170 has reached max sync attempts (3). Skipping.
User 170 has reached max sync attempts (3). Skipping.
User 170 has reached max sync attempts (3). Skipping.
User 170 has reached max sync attempts (3). Skipping.
User 170 has reached max sync attempts (3). Skipping.
User 170 has reached max sync attempts (3). Skipping.
User 170 has reached max sync attempts (3). Skipping.
User 170 has reached max sync attempts (3). Skipping.
User 170 has reached max sync attempts (3). Skipping.
User 170 has reached max sync attempts (3). Skipping.
User 170 has reached max sync attempts (3). Skipping.
User 170 has reached max sync attempts (3). Skipping.
User 170 has reached max sync attempts (3). Skipping.
User 170 has reached max sync attempts (3). Skipping.
User 170 has reached max sync attempts (3). Skipping.
User 170 has reached max sync attempts (3). Skipping.
User 170 has reached max sync attempts (3). Skipping.
User 170 has reached max sync attempts (3). Skipping.
User 170 has reached max sync attempts (3). Skipping.
User 170 has reached max sync attempts (3). Skipping.
User 170 has reached max sync attempts (3). Skipping.
User 170 has reached max sync attempts (3). Skipping.
User 170 has reached max sync attempts (3). Skipping.
User 170 has reached max sync attempts (3). Skipping.
User 170 has reached max sync attempts (3). Skipping.
User 170 has reached max sync attempts (3). Skipping.
User 170 has reached max sync attempts (3). Skipping.
User 170 has reached max sync attempts (3). Skipping.
User 170 has reached max sync attempts (3). Skipping.
User 170 has reached max sync attempts (3). Skipping.
User 170 has reached max sync attempts (3). Skipping.
User 170 has reached max sync attempts (3). Skipping.
User 170 has reached max sync attempts (3). Skipping.
User 170 has reached max sync attempts (3). Skipping.
User 170 has reached max sync attempts (3). Skipping.
User 170 has reached max sync attempts (3). Skipping.
User 170 has reached max sync attempts (3). Skipping.
User 170 has reached max sync attempts (3). Skipping.
User 170 has reached max sync attempts (3). Skipping.
User 170 has reached max sync attempts (3). Skipping.
User 170 has reached max sync attempts (3). Skipping.
User 170 has reached max sync attempts (3). Skipping.
User 170 has reached max sync attempts (3). Skipping.
User 170 has reached max sync attempts (3). Skipping.
User 170 has reached max sync attempts (3). Skipping.
User 170 has reached max sync attempts (3). Skipping.
User 170 has reached max sync attempts (3). Skipping.
User 170 has reached max sync attempts (3). Skipping.
User 170 has reached max sync attempts (3). Skipping.
User 170 has reached max sync attempts (3). Skipping.
User 170 has reached max sync attempts (3). Skipping.
User 170 has reached max sync attempts (3). Skipping.
User 170 has reached max sync attempts (3). Skipping.
User 170 has reached max sync attempts (3). Skipping.
User 170 has reached max sync attempts (3). Skipping.
User 170 has reached max sync attempts (3). Skipping.
User 170 has reached max sync attempts (3). Skipping.
User 170 has reached max sync attempts (3). Skipping.
User 170 has reached max sync attempts (3). Skipping.
User 170 has reached max sync attempts (3). Skipping.
User 170 has reached max sync attempts (3). Skipping.
User 170 has reached max sync attempts (3). Skipping.
User 170 has reached max sync attempts (3). Skipping.
User 170 has reached max sync attempts (3). Skipping.
User 170 has reached max sync attempts (3). Skipping.
User 170 has reached max sync attempts (3). Skipping.
User 170 has reached max sync attempts (3). Skipping.
User 170 has reached max sync attempts (3). Skipping.
User 170 has reached max sync attempts (3). Skipping.
User 170 has reached max sync attempts (3). Skipping.
User 170 has reached max sync attempts (3). Skipping.
User 170 has reached max sync attempts (3). Skipping.
User 170 has reached max sync attempts (3). Skipping.
User 170 has reached max sync attempts (3). Skipping.
User 170 has reached max sync attempts (3). Skipping.
User 170 has reached max sync attempts (3). Skipping.
User 170 has reached max sync attempts (3). Skipping.
User 170 has reached max sync attempts (3). Skipping.
User 170 has reached max sync attempts (3). Skipping.
User 170 has reached max sync attempts (3). Skipping.
User 170 has reached max sync attempts (3). Skipping.
User 170 has reached max sync attempts (3). Skipping.
User 170 has reached max sync attempts (3). Skipping.
User 170 has reached max sync attempts (3). Skipping.
User 170 has reached max sync attempts (3). Skipping.
User 170 has reached max sync attempts (3). Skipping.
User 170 has reached max sync attempts (3). Skipping.
User 170 has reached max sync attempts (3). Skipping.
User 170 has reached max sync attempts (3). Skipping.
User 170 has reached max sync attempts (3). Skipping.
User 170 has reached max sync attempts (3). Skipping.
User 170 has reached max sync attempts (3). Skipping.
User 170 has reached max sync attempts (3). Skipping.
